info it worked if it ends with ok
verbose cli [ 'node', '/usr/local/bin/npm', 'publish' ]
info using npm@1.0.106
info using node@v0.4.12
verbose config file /Users/craig/.npmrc
verbose config file /usr/local/etc/npmrc
verbose config file /usr/local/lib/node_modules/npm/npmrc
verbose publish [ '.' ]
silly testEngine { author: { name: 'Craig Condon' },
silly testEngine   name: 'asyngleton',
silly testEngine   description: 'asynchronously generate singletons',
silly testEngine   version: '0.0.1',
silly testEngine   repository: 
silly testEngine    { type: 'git',
silly testEngine      url: 'git://github.com/crcn/asyngleton.js.git' },
silly testEngine   main: './lib/index.js',
silly testEngine   dependencies: {},
silly testEngine   devDependencies: {},
silly testEngine   _npmUser: 
silly testEngine    { name: 'architectd',
silly testEngine      email: 'craig.j.condon@gmail.com' },
silly testEngine   _id: 'asyngleton@0.0.1',
silly testEngine   engines: { node: '*' },
silly testEngine   _engineSupported: true,
silly testEngine   _npmVersion: '1.0.106',
silly testEngine   _nodeVersion: 'v0.4.12',
silly testEngine   _defaultsLoaded: true,
silly testEngine   scripts: {} }
verbose caching /Users/craig/Developer/Public/asyngleton.js/package.json
verbose loadDefaults asyngleton@0.0.1
info prepublish asyngleton@0.0.1
verbose cache add [ '.', null ]
silly cache add: name, spec, args [ undefined, '.', [ '.', null ] ]
verbose parsed url { pathname: '.', href: '.' }
silly testEngine { author: { name: 'Craig Condon' },
silly testEngine   name: 'asyngleton',
silly testEngine   description: 'asynchronously generate singletons',
silly testEngine   version: '0.0.1',
silly testEngine   repository: 
silly testEngine    { type: 'git',
silly testEngine      url: 'git://github.com/crcn/asyngleton.js.git' },
silly testEngine   main: './lib/index.js',
silly testEngine   dependencies: {},
silly testEngine   devDependencies: {},
silly testEngine   _npmUser: 
silly testEngine    { name: 'architectd',
silly testEngine      email: 'craig.j.condon@gmail.com' },
silly testEngine   _id: 'asyngleton@0.0.1',
silly testEngine   engines: { node: '*' },
silly testEngine   _engineSupported: true,
silly testEngine   _npmVersion: '1.0.106',
silly testEngine   _nodeVersion: 'v0.4.12',
silly testEngine   _defaultsLoaded: true,
silly testEngine   path: '/Users/craig/Developer/Public/asyngleton.js' }
verbose caching package.json
verbose loadDefaults asyngleton@0.0.1
verbose pack /Users/craig/Developer/Public/asyngleton.js /var/folders/n1/r96x64mx6jzcbzkbz1ddrw6r0000gn/T/npm-1335483589372/1335483589372-0.6977872175630182/tmp.tgz
silly makeList /Users/craig/Developer/Public/asyngleton.js
verbose mkdir (expected) error ENOENT, No such file or directory '/var/folders/n1/r96x64mx6jzcbzkbz1ddrw6r0000gn/T/npm-1335483589372'
verbose mkdir (expected) error ENOENT, No such file or directory '/var/folders/n1/r96x64mx6jzcbzkbz1ddrw6r0000gn/T/npm-1335483589372/1335483589372-0.6977872175630182'
verbose mkdir done: /var/folders/n1/r96x64mx6jzcbzkbz1ddrw6r0000gn/T/npm-1335483589372/1335483589372-0.6977872175630182 755
verbose mkdir'ed /var/folders/n1/r96x64mx6jzcbzkbz1ddrw6r0000gn/T/npm-1335483589372/1335483589372-0.6977872175630182
verbose tar about to write tar and gzip it.
silly tar args [ '-czvf', '-', '-T', '-' ]
silly spawning [ 'tar',
silly spawning   [ '-czvf', '-', '-T', '-' ],
silly spawning   '/Users/craig/Developer/Public' ]
verbose mkdir (expected) error ENOENT, No such file or directory '/var/folders/n1/r96x64mx6jzcbzkbz1ddrw6r0000gn/T/npm-1335483589372/1335483589372-0.6977872175630182/contents'
verbose mkdir (expected) error ENOENT, No such file or directory '/var/folders/n1/r96x64mx6jzcbzkbz1ddrw6r0000gn/T/npm-1335483589372/1335483589372-0.6977872175630182/contents/___package.npm'
verbose mkdir done: /var/folders/n1/r96x64mx6jzcbzkbz1ddrw6r0000gn/T/npm-1335483589372/1335483589372-0.6977872175630182/contents/___package.npm 755
verbose unpack_ uid, gid [ undefined, undefined ]
verbose unpackTarget /var/folders/n1/r96x64mx6jzcbzkbz1ddrw6r0000gn/T/npm-1335483589372/1335483589372-0.6977872175630182/contents/package
silly gunzTarPerm modes [ '755', '644' ]
silly spawning [ 'tar',
silly spawning   [ '-zmvxpf',
silly spawning     '/var/folders/n1/r96x64mx6jzcbzkbz1ddrw6r0000gn/T/npm-1335483589372/1335483589372-0.6977872175630182/tmp.tgz' ],
silly spawning   '/var/folders/n1/r96x64mx6jzcbzkbz1ddrw6r0000gn/T/npm-1335483589372/1335483589372-0.6977872175630182/contents/___package.npm' ]
silly tar err x asyngleton.js/package.json
silly tar err x asyngleton.js/README.md
silly tar err x asyngleton.js/examples/test1.js
silly tar err x asyngleton.js/lib/index.js
silly tar exit 0
silly asyncMap in gTP /var/folders/n1/r96x64mx6jzcbzkbz1ddrw6r0000gn/T/npm-1335483589372/1335483589372-0.6977872175630182/contents/___package.npm/asyngleton.js
silly asyncMap in gTP /var/folders/n1/r96x64mx6jzcbzkbz1ddrw6r0000gn/T/npm-1335483589372/1335483589372-0.6977872175630182/contents/___package.npm/asyngleton.js/package.json
silly asyncMap in gTP /var/folders/n1/r96x64mx6jzcbzkbz1ddrw6r0000gn/T/npm-1335483589372/1335483589372-0.6977872175630182/contents/___package.npm/asyngleton.js/README.md
silly asyncMap in gTP /var/folders/n1/r96x64mx6jzcbzkbz1ddrw6r0000gn/T/npm-1335483589372/1335483589372-0.6977872175630182/contents/___package.npm/asyngleton.js/examples
silly asyncMap in gTP /var/folders/n1/r96x64mx6jzcbzkbz1ddrw6r0000gn/T/npm-1335483589372/1335483589372-0.6977872175630182/contents/___package.npm/asyngleton.js/examples/test1.js
silly asyncMap in gTP /var/folders/n1/r96x64mx6jzcbzkbz1ddrw6r0000gn/T/npm-1335483589372/1335483589372-0.6977872175630182/contents/___package.npm/asyngleton.js/lib
silly asyncMap in gTP /var/folders/n1/r96x64mx6jzcbzkbz1ddrw6r0000gn/T/npm-1335483589372/1335483589372-0.6977872175630182/contents/___package.npm/asyngleton.js/lib/index.js
verbose gunzed /var/folders/n1/r96x64mx6jzcbzkbz1ddrw6r0000gn/T/npm-1335483589372/1335483589372-0.6977872175630182/contents/___package.npm/asyngleton.js
verbose rm'ed /var/folders/n1/r96x64mx6jzcbzkbz1ddrw6r0000gn/T/npm-1335483589372/1335483589372-0.6977872175630182/contents/package
verbose renamed [ '/var/folders/n1/r96x64mx6jzcbzkbz1ddrw6r0000gn/T/npm-1335483589372/1335483589372-0.6977872175630182/contents/___package.npm/asyngleton.js',
verbose renamed   '/var/folders/n1/r96x64mx6jzcbzkbz1ddrw6r0000gn/T/npm-1335483589372/1335483589372-0.6977872175630182/contents/package' ]
silly testEngine { author: { name: 'Craig Condon' },
silly testEngine   name: 'asyngleton',
silly testEngine   description: 'asynchronously generate singletons',
silly testEngine   version: '0.0.1',
silly testEngine   repository: 
silly testEngine    { type: 'git',
silly testEngine      url: 'git://github.com/crcn/asyngleton.js.git' },
silly testEngine   main: './lib/index.js',
silly testEngine   dependencies: {},
silly testEngine   devDependencies: {},
silly testEngine   _npmUser: 
silly testEngine    { name: 'architectd',
silly testEngine      email: 'craig.j.condon@gmail.com' },
silly testEngine   _id: 'asyngleton@0.0.1',
silly testEngine   engines: { node: '*' },
silly testEngine   _engineSupported: true,
silly testEngine   _npmVersion: '1.0.106',
silly testEngine   _nodeVersion: 'v0.4.12',
silly testEngine   _defaultsLoaded: true,
silly testEngine   path: '/var/folders/n1/r96x64mx6jzcbzkbz1ddrw6r0000gn/T/npm-1335483589372/1335483589372-0.6977872175630182/contents/package' }
verbose caching /var/folders/n1/r96x64mx6jzcbzkbz1ddrw6r0000gn/T/npm-1335483589372/1335483589372-0.6977872175630182/contents/package/package.json
verbose loadDefaults asyngleton@0.0.1
verbose tarball contents [ 'package' ]
verbose from cache /var/folders/n1/r96x64mx6jzcbzkbz1ddrw6r0000gn/T/npm-1335483589372/1335483589372-0.6977872175630182/contents/package/package.json
verbose pack /var/folders/n1/r96x64mx6jzcbzkbz1ddrw6r0000gn/T/npm-1335483589372/1335483589372-0.6977872175630182/contents/package /Users/craig/.npm/asyngleton/0.0.1/package.tgz
silly makeList /var/folders/n1/r96x64mx6jzcbzkbz1ddrw6r0000gn/T/npm-1335483589372/1335483589372-0.6977872175630182/contents/package
verbose mkdir (expected) error ENOENT, No such file or directory '/Users/craig/.npm/asyngleton/0.0.1'
verbose mkdir done: /Users/craig/.npm/asyngleton/0.0.1 755
verbose mkdir'ed /Users/craig/.npm/asyngleton/0.0.1
verbose tar about to write tar and gzip it.
silly tar args [ '-czvf', '-', '-T', '-' ]
silly spawning [ 'tar',
silly spawning   [ '-czvf', '-', '-T', '-' ],
silly spawning   '/var/folders/n1/r96x64mx6jzcbzkbz1ddrw6r0000gn/T/npm-1335483589372/1335483589372-0.6977872175630182/contents' ]
verbose mkdir (expected) error ENOENT, No such file or directory '/Users/craig/.npm/asyngleton/0.0.1/___package.npm'
verbose mkdir done: /Users/craig/.npm/asyngleton/0.0.1/___package.npm 755
verbose unpack_ uid, gid [ undefined, undefined ]
verbose unpackTarget /Users/craig/.npm/asyngleton/0.0.1/package
silly gunzTarPerm modes [ '755', '644' ]
silly spawning [ 'tar',
silly spawning   [ '-zmvxpf',
silly spawning     '/Users/craig/.npm/asyngleton/0.0.1/package.tgz' ],
silly spawning   '/Users/craig/.npm/asyngleton/0.0.1/___package.npm' ]
silly tar err x package/package.json
silly tar err x package/README.md
silly tar err x package/examples/test1.js
silly tar err x package/lib/index.js
silly tar exit 0
silly asyncMap in gTP /Users/craig/.npm/asyngleton/0.0.1/___package.npm/package
silly asyncMap in gTP /Users/craig/.npm/asyngleton/0.0.1/___package.npm/package/package.json
silly asyncMap in gTP /Users/craig/.npm/asyngleton/0.0.1/___package.npm/package/README.md
silly asyncMap in gTP /Users/craig/.npm/asyngleton/0.0.1/___package.npm/package/examples
silly asyncMap in gTP /Users/craig/.npm/asyngleton/0.0.1/___package.npm/package/examples/test1.js
silly asyncMap in gTP /Users/craig/.npm/asyngleton/0.0.1/___package.npm/package/lib
silly asyncMap in gTP /Users/craig/.npm/asyngleton/0.0.1/___package.npm/package/lib/index.js
verbose gunzed /Users/craig/.npm/asyngleton/0.0.1/___package.npm/package
verbose rm'ed /Users/craig/.npm/asyngleton/0.0.1/package
verbose renamed [ '/Users/craig/.npm/asyngleton/0.0.1/___package.npm/package',
verbose renamed   '/Users/craig/.npm/asyngleton/0.0.1/package' ]
silly testEngine { author: { name: 'Craig Condon' },
silly testEngine   name: 'asyngleton',
silly testEngine   description: 'asynchronously generate singletons',
silly testEngine   version: '0.0.1',
silly testEngine   repository: 
silly testEngine    { type: 'git',
silly testEngine      url: 'git://github.com/crcn/asyngleton.js.git' },
silly testEngine   main: './lib/index.js',
silly testEngine   dependencies: {},
silly testEngine   devDependencies: {},
silly testEngine   _npmUser: 
silly testEngine    { name: 'architectd',
silly testEngine      email: 'craig.j.condon@gmail.com' },
silly testEngine   _id: 'asyngleton@0.0.1',
silly testEngine   engines: { node: '*' },
silly testEngine   _engineSupported: true,
silly testEngine   _npmVersion: '1.0.106',
silly testEngine   _nodeVersion: 'v0.4.12',
silly testEngine   _defaultsLoaded: true,
silly testEngine   dist: 
silly testEngine    { shasum: '06f42d9498ad6871bc336883e561b26edf7d6a57',
silly testEngine      tarball: 'http://registry.npmjs.org/asyngleton/-/asyngleton-0.0.1.tgz' } }
verbose caching /Users/craig/.npm/asyngleton/0.0.1/package/package.json
verbose loadDefaults asyngleton@0.0.1
silly updated sha bytes 10240
info shasum 06f42d9498ad6871bc336883e561b26edf7d6a57
info shasum /Users/craig/.npm/asyngleton/0.0.1/package.tgz
verbose from cache /Users/craig/.npm/asyngleton/0.0.1/package/package.json
verbose chmod /Users/craig/.npm/asyngleton/0.0.1/package.tgz 644
verbose chown [ '/Users/craig/.npm/asyngleton/0.0.1/package.tgz',
verbose chown   501,
verbose chown   20 ]
silly publish { author: { name: 'Craig Condon' },
silly publish   name: 'asyngleton',
silly publish   description: 'asynchronously generate singletons',
silly publish   version: '0.0.1',
silly publish   repository: 
silly publish    { type: 'git',
silly publish      url: 'git://github.com/crcn/asyngleton.js.git' },
silly publish   main: './lib/index.js',
silly publish   dependencies: {},
silly publish   devDependencies: {},
silly publish   _npmUser: 
silly publish    { name: 'architectd',
silly publish      email: 'craig.j.condon@gmail.com' },
silly publish   _id: 'asyngleton@0.0.1',
silly publish   engines: { node: '*' },
silly publish   _engineSupported: true,
silly publish   _npmVersion: '1.0.106',
silly publish   _nodeVersion: 'v0.4.12',
silly publish   _defaultsLoaded: true,
silly publish   dist: 
silly publish    { shasum: '06f42d9498ad6871bc336883e561b26edf7d6a57',
silly publish      tarball: 'http://registry.npmjs.org/asyngleton/-/asyngleton-0.0.1.tgz' } }
verbose PUT asyngleton
verbose raw, before any munging asyngleton
verbose url resolving [ 'https://registry.npmjs.org/', './asyngleton' ]
verbose url resolved https://registry.npmjs.org/asyngleton
ERR! Failed PUT response undefined
ERR! Error: socket hang up
ERR!     at CleartextStream.<anonymous> (http.js:1290:45)
ERR!     at CleartextStream.emit (events.js:61:17)
ERR!     at Array.1 (tls.js:620:22)
ERR!     at EventEmitter._tickCallback (node.js:126:26)
ERR! Report this *entire* log at:
ERR!     <http://github.com/isaacs/npm/issues>
ERR! or email it to:
ERR!     <npm-@googlegroups.com>
ERR! 
ERR! System Darwin 11.3.0
ERR! command "node" "/usr/local/bin/npm" "publish"
ERR! cwd /Users/craig/Developer/Public/asyngleton.js
ERR! node -v v0.4.12
ERR! npm -v 1.0.106
verbose exit [ 1, true ]
